<?xml version="1.0" encoding="UTF-8"?>
<!-- Generated by org.testng.reporters.JUnitXMLReporter -->
<testsuite hostname="LKNDSS5CJCRQ2" ignored="0" name="BankingApp Test" tests="1" failures="0" timestamp="26 May 2020 08:26:46 GMT" time="0.21" errors="0">
  <testcase name="@BeforeClass setup" time="0.18" classname="twentySevenTec.testCases.twentySevenBaseClass">
    <failure type="java.lang.IllegalStateException" message="The driver executable does not exist: C:\Sudarshan\Automation\MavenProject\twentySevenTecV1Drivers\geckodriver.exe">
      <![CDATA[java.lang.IllegalStateException: The driver executable does not exist: C:\Sudarshan\Automation\MavenProject\twentySevenTecV1Drivers\geckodriver.exe
at com.google.common.base.Preconditions.checkState(Preconditions.java:591)
at org.openqa.selenium.remote.service.DriverService.checkExecutable(DriverService.java:146)
at org.openqa.selenium.remote.service.DriverService.findExecutable(DriverService.java:141)
at org.openqa.selenium.firefox.GeckoDriverService.access$100(GeckoDriverService.java:44)
at org.openqa.selenium.firefox.GeckoDriverService$Builder.findDefaultExecutable(GeckoDriverService.java:167)
at org.openqa.selenium.remote.service.DriverService$Builder.build(DriverService.java:355)
at org.openqa.selenium.firefox.FirefoxDriver.toExecutor(FirefoxDriver.java:190)
at org.openqa.selenium.firefox.FirefoxDriver.<init>(FirefoxDriver.java:147)
at org.openqa.selenium.firefox.FirefoxDriver.<init>(FirefoxDriver.java:125)
at twentySevenTec.testCases.twentySevenBaseClass.setup(twentySevenBaseClass.java:19)
... Removed 26 stack frames]]>
    </failure>
  </testcase> <!-- @BeforeClass setup -->
  <testcase name="@AfterClass tearDown" time="0.0" classname="twentySevenTec.testCases.twentySevenBaseClass">
    <skipped/>
  </testcase> <!-- @AfterClass tearDown -->
  <testcase name="loginTest" time="0.0" classname="twentySevenTec.testCases.TC_001_TwentySevenTecLogin">
    <skipped/>
  </testcase> <!-- loginTest -->
</testsuite> <!-- BankingApp Test -->
